e:\users\havik\documents\visual studio 2015\projects\borderlands the presequel\borderlands the presequel\release\borderlandsthepresequel.borderlands_tps.resources
e:\users\havik\documents\visual studio 2015\projects\borderlands the presequel\borderlands the presequel\release\borderlandsthepresequel.inputbox.resources
e:\users\havik\documents\visual studio 2015\projects\borderlands the presequel\borderlands the presequel\release\vc140.pdb
e:\users\havik\documents\visual studio 2015\projects\borderlands the presequel\borderlands the presequel\release\main.obj
e:\users\havik\documents\visual studio 2015\projects\borderlands the presequel\borderlands the presequel\release\inputbox.obj
e:\users\havik\documents\visual studio 2015\projects\borderlands the presequel\borderlands the presequel\release\borderlands_tps.obj
e:\users\havik\documents\visual studio 2015\projects\borderlands the presequel\borderlands the presequel\release\.netframework,version=v4.5.2.assemblyattributes.obj
e:\users\havik\documents\visual studio 2015\projects\borderlands the presequel\borderlands the presequel\release\.netframework,version=v4.5.2.assemblyattributes.asm
e:\users\havik\documents\visual studio 2015\projects\borderlands the presequel\release\borderlands the presequel.exe
e:\users\havik\documents\visual studio 2015\projects\borderlands the presequel\release\borderlands the presequel.pdb
e:\users\havik\documents\visual studio 2015\projects\borderlands the presequel\borderlands the presequel\release\borderlands the presequel.vcxproj.generateresource.cache
e:\users\havik\documents\visual studio 2015\projects\borderlands the presequel\borderlands the presequel\release\borderla.74538901.tlog\borderlands the presequel.write.1u.tlog
e:\users\havik\documents\visual studio 2015\projects\borderlands the presequel\borderlands the presequel\release\borderla.74538901.tlog\cl.command.1.tlog
e:\users\havik\documents\visual studio 2015\projects\borderlands the presequel\borderlands the presequel\release\borderla.74538901.tlog\cl.read.1.tlog
e:\users\havik\documents\visual studio 2015\projects\borderlands the presequel\borderlands the presequel\release\borderla.74538901.tlog\cl.write.1.tlog
e:\users\havik\documents\visual studio 2015\projects\borderlands the presequel\borderlands the presequel\release\borderla.74538901.tlog\link.command.1.tlog
e:\users\havik\documents\visual studio 2015\projects\borderlands the presequel\borderlands the presequel\release\borderla.74538901.tlog\link.read.1.tlog
e:\users\havik\documents\visual studio 2015\projects\borderlands the presequel\borderlands the presequel\release\borderla.74538901.tlog\link.write.1.tlog
e:\users\havik\documents\visual studio 2015\projects\borderlands the presequel\borderlands the presequel\release\borderla.74538901.tlog\metagen.read.1.tlog
e:\users\havik\documents\visual studio 2015\projects\borderlands the presequel\borderlands the presequel\release\borderla.74538901.tlog\metagen.write.1.tlog
e:\users\havik\documents\visual studio 2015\projects\borderlands the presequel\borderlands the presequel\release\borderla.74538901.tlog\tzres.dll.bi
